D:\Docyment\prog\Teory Language Programming\Compil\Debug\cl.command.1.tlog
D:\Docyment\prog\Teory Language Programming\Compil\Debug\CL.read.1.tlog
D:\Docyment\prog\Teory Language Programming\Compil\Debug\CL.write.1.tlog
D:\DOCYMENT\PROG\TEORY LANGUAGE PROGRAMMING\COMPIL\DEBUG\COMPIL.EXE
D:\DOCYMENT\PROG\TEORY LANGUAGE PROGRAMMING\COMPIL\DEBUG\COMPIL.EXE.EMBED.MANIFEST
D:\DOCYMENT\PROG\TEORY LANGUAGE PROGRAMMING\COMPIL\DEBUG\COMPIL.EXE.EMBED.MANIFEST.RES
D:\DOCYMENT\PROG\TEORY LANGUAGE PROGRAMMING\COMPIL\DEBUG\COMPIL.EXE.INTERMEDIATE.MANIFEST
D:\DOCYMENT\PROG\TEORY LANGUAGE PROGRAMMING\COMPIL\DEBUG\COMPIL.ILK
D:\DOCYMENT\PROG\TEORY LANGUAGE PROGRAMMING\COMPIL\DEBUG\COMPIL.OBJ
D:\DOCYMENT\PROG\TEORY LANGUAGE PROGRAMMING\COMPIL\DEBUG\COMPIL.PCH
D:\DOCYMENT\PROG\TEORY LANGUAGE PROGRAMMING\COMPIL\DEBUG\COMPIL.PDB
D:\Docyment\prog\Teory Language Programming\Compil\Debug\Compil_manifest.rc
D:\Docyment\prog\Teory Language Programming\Compil\Debug\link.2060.read.1.tlog
D:\Docyment\prog\Teory Language Programming\Compil\Debug\link.2060.write.1.tlog
D:\Docyment\prog\Teory Language Programming\Compil\Debug\link.2060-cvtres.read.1.tlog
D:\Docyment\prog\Teory Language Programming\Compil\Debug\link.2060-cvtres.write.1.tlog
D:\Docyment\prog\Teory Language Programming\Compil\Debug\link.3128.read.1.tlog
D:\Docyment\prog\Teory Language Programming\Compil\Debug\link.3128.write.1.tlog
D:\Docyment\prog\Teory Language Programming\Compil\Debug\link.3128-cvtres.read.1.tlog
D:\Docyment\prog\Teory Language Programming\Compil\Debug\link.3128-cvtres.write.1.tlog
D:\Docyment\prog\Teory Language Programming\Compil\Debug\link.4504.read.1.tlog
D:\Docyment\prog\Teory Language Programming\Compil\Debug\link.4504.write.1.tlog
D:\Docyment\prog\Teory Language Programming\Compil\Debug\link.4504-cvtres.read.1.tlog
D:\Docyment\prog\Teory Language Programming\Compil\Debug\link.4504-cvtres.write.1.tlog
D:\Docyment\prog\Teory Language Programming\Compil\Debug\link.716.read.1.tlog
D:\Docyment\prog\Teory Language Programming\Compil\Debug\link.716.write.1.tlog
D:\Docyment\prog\Teory Language Programming\Compil\Debug\link.716-cvtres.read.1.tlog
D:\Docyment\prog\Teory Language Programming\Compil\Debug\link.716-cvtres.write.1.tlog
D:\Docyment\prog\Teory Language Programming\Compil\Debug\link.command.1.tlog
D:\Docyment\prog\Teory Language Programming\Compil\Debug\link.read.1.tlog
D:\Docyment\prog\Teory Language Programming\Compil\Debug\link.write.1.tlog
D:\Docyment\prog\Teory Language Programming\Compil\Debug\link-cvtres.read.1.tlog
D:\Docyment\prog\Teory Language Programming\Compil\Debug\link-cvtres.write.1.tlog
D:\Docyment\prog\Teory Language Programming\Compil\Debug\mt.command.1.tlog
D:\Docyment\prog\Teory Language Programming\Compil\Debug\mt.read.1.tlog
D:\Docyment\prog\Teory Language Programming\Compil\Debug\mt.write.1.tlog
D:\Docyment\prog\Teory Language Programming\Compil\Debug\rc.command.1.tlog
D:\Docyment\prog\Teory Language Programming\Compil\Debug\rc.read.1.tlog
D:\Docyment\prog\Teory Language Programming\Compil\Debug\rc.write.1.tlog
D:\DOCYMENT\PROG\TEORY LANGUAGE PROGRAMMING\COMPIL\DEBUG\STDAFX.OBJ
D:\Docyment\prog\Teory Language Programming\Compil\Debug\vc100.idb
D:\DOCYMENT\PROG\TEORY LANGUAGE PROGRAMMING\COMPIL\DEBUG\VC100.PDB
